<?xml version="1.0" encoding="UTF-8"?>
<!-- Generated by org.testng.reporters.JUnitReportReporter -->
<testsuite name="mavArtifact.DemoA" tests="1" time="6.952" ignored="0" failures="0" timestamp="03 Feb 2018 10:39:17 GMT" skipped="0" hostname="CBT-LAB-024" errors="0">
  <testcase name="testA" time="6.952" classname="mavArtifact.DemoA"/>
</testsuite> <!-- mavArtifact.DemoA -->
